Arguments: 
  D:\Nodejs\node.exe C:\Users\zhang\AppData\Roaming\npm\node_modules\yarn\bin\yarn.js start

PATH: 
  C:\Users\zhang\AppData\Local\VanDyke Software\Clients\;C:\WINDOWS\system32;C:\WINDOWS;C:\WINDOWS\System32\Wbem;C:\WINDOWS\System32\WindowsPowerShell\v1.0\;C:\Program Files (x86)\ATI Technologies\ATI.ACE\Core-Static;D:\Nodejs\;D:\WEB前端工具下载\Git\Git\cmd;C:\WINDOWS\System32\OpenSSH\;C:\Users\zhang\AppData\Local\Microsoft\WindowsApps;C:\Users\zhang\AppData\Roaming\npm;C:\Users\zhang\AppData\Local\Programs\Fiddler;%USERPROFILE%\AppData\Local\Microsoft\WindowsApps;

Yarn version: 
  1.5.1

Node version: 
  6.10.2

Platform: 
  win32 x64

npm manifest: 
  {
    "name": "webpack-clis",
    "version": "1.0.0",
    "description": "",
    "private": true,
    "scripts": {
      "test": "echo \"Error: no test specified\" && exit 1",
      "build": "webpack --config webpack-config/webpack.prod.js --mode production",
      "start": "webpack-dev-server --open --config webpack-config/webpack.dev.js --mode development"
    },
    "keywords": [],
    "author": "",
    "license": "ISC",
    "devDependencies": {
      "axios": "^0.18.0",
      "babel-core": "^6.26.3",
      "babel-loader": "^7.1.4",
      "babel-preset-es2015": "^6.24.1",
      "clean-webpack-plugin": "^0.1.19",
      "css-loader": "^0.28.11",
      "csv-loader": "^2.1.1",
      "eslint": "^5.0.0",
      "eslint-loader": "^2.0.0",
      "extract-loader": "^2.0.1",
      "file-loader": "^1.1.11",
      "html-loader": "^0.5.5",
      "node-sass": "^4.9.0",
      "sass-loader": "^7.0.3",
      "serve": "^9.1.0",
      "style-loader": "^0.21.0",
      "ts-loader": "^4.4.1",
      "url-loader": "^1.0.1",
      "webpack": "^4.12.0",
      "webpack-cli": "^3.0.8",
      "webpack-dev-server": "^3.1.4",
      "webpack-merge": "^4.1.3",
      "xml-loader": "^1.2.1"
    },
    "dependencies": {
      "lodash": "^4.17.10"
    }
  }

yarn manifest: 
  No manifest

Lockfile: 
  No lockfile

Trace: 
  Error: Command failed.
  Exit code: 1
  Command: C:\WINDOWS\system32\cmd.exe
  Arguments: /d /s /c webpack-dev-server --open --config webpack-config/webpack.dev.js --mode development
  Directory: D:\git\webpack-clis
  Output:
  
      at ProcessTermError.Error (native)
      at ProcessTermError.MessageError (C:\Users\zhang\AppData\Roaming\npm\node_modules\yarn\lib\cli.js:186:110)
      at new ProcessTermError (C:\Users\zhang\AppData\Roaming\npm\node_modules\yarn\lib\cli.js:226:113)
      at ChildProcess.<anonymous> (C:\Users\zhang\AppData\Roaming\npm\node_modules\yarn\lib\cli.js:30281:17)
      at emitTwo (events.js:106:13)
      at ChildProcess.emit (events.js:191:7)
      at maybeClose (internal/child_process.js:886:16)
      at Process.ChildProcess._handle.onexit (internal/child_process.js:226:5)
